0 info it worked if it ends with ok
1 verbose cli [ 'C:\\Program Files\\nodejs\\node.exe',
1 verbose cli   'C:\\Program Files\\nodejs\\node_modules\\npm\\bin\\npm-cli.js',
1 verbose cli   'i',
1 verbose cli   '--save',
1 verbose cli   'node' ]
2 info using npm@3.10.10
3 info using node@v6.10.2
4 silly loadCurrentTree Starting
5 silly install loadCurrentTree
6 silly install readLocalPackageData
7 silly fetchPackageMetaData node
8 silly fetchNamedPackageData node
9 silly mapToRegistry name node
10 silly mapToRegistry using default registry
11 silly mapToRegistry registry https://registry.npmjs.org/
12 silly mapToRegistry data Result {
12 silly mapToRegistry   raw: 'node',
12 silly mapToRegistry   scope: null,
12 silly mapToRegistry   escapedName: 'node',
12 silly mapToRegistry   name: 'node',
12 silly mapToRegistry   rawSpec: '',
12 silly mapToRegistry   spec: 'latest',
12 silly mapToRegistry   type: 'tag' }
13 silly mapToRegistry uri https://registry.npmjs.org/node
14 verbose request uri https://registry.npmjs.org/node
15 verbose request no auth needed
16 info attempt registry request try #1 at 11:46:02 AM
17 verbose request id 74246b9a0d851394
18 verbose etag W/"594446e3-435"
19 verbose lastModified Fri, 16 Jun 2017 21:00:19 GMT
20 http request GET https://registry.npmjs.org/node
21 http 200 https://registry.npmjs.org/node
22 verbose headers { server: 'nginx/1.10.1',
22 verbose headers   'content-type': 'application/json',
22 verbose headers   'last-modified': 'Tue, 25 Jul 2017 03:37:56 GMT',
22 verbose headers   etag: 'W/"5976bd14-4df89"',
22 verbose headers   'content-encoding': 'gzip',
22 verbose headers   'cache-control': 'max-age=300',
22 verbose headers   'content-length': '51308',
22 verbose headers   'accept-ranges': 'bytes',
22 verbose headers   date: 'Wed, 09 Aug 2017 15:46:00 GMT',
22 verbose headers   via: '1.1 varnish',
22 verbose headers   age: '128',
22 verbose headers   connection: 'keep-alive',
22 verbose headers   'x-served-by': 'cache-dca17735-DCA',
22 verbose headers   'x-cache': 'HIT',
22 verbose headers   'x-cache-hits': '1',
22 verbose headers   'x-timer': 'S1502293560.068815,VS0,VE0',
22 verbose headers   vary: 'Accept-Encoding, Accept' }
23 silly get cb [ 200,
23 silly get   { server: 'nginx/1.10.1',
23 silly get     'content-type': 'application/json',
23 silly get     'last-modified': 'Tue, 25 Jul 2017 03:37:56 GMT',
23 silly get     etag: 'W/"5976bd14-4df89"',
23 silly get     'content-encoding': 'gzip',
23 silly get     'cache-control': 'max-age=300',
23 silly get     'content-length': '51308',
23 silly get     'accept-ranges': 'bytes',
23 silly get     date: 'Wed, 09 Aug 2017 15:46:00 GMT',
23 silly get     via: '1.1 varnish',
23 silly get     age: '128',
23 silly get     connection: 'keep-alive',
23 silly get     'x-served-by': 'cache-dca17735-DCA',
23 silly get     'x-cache': 'HIT',
23 silly get     'x-cache-hits': '1',
23 silly get     'x-timer': 'S1502293560.068815,VS0,VE0',
23 silly get     vary: 'Accept-Encoding, Accept' } ]
24 verbose get saving node to C:\Users\TheMachine\AppData\Roaming\npm-cache\registry.npmjs.org\node\.cache.json
25 verbose correctMkdir C:\Users\TheMachine\AppData\Roaming\npm-cache correctMkdir not in flight; initializing
26 silly install normalizeTree
27 silly loadCurrentTree Finishing
28 silly loadIdealTree Starting
29 silly install loadIdealTree
30 silly cloneCurrentTree Starting
31 silly install cloneCurrentTreeToIdealTree
32 silly cloneCurrentTree Finishing
33 silly loadShrinkwrap Starting
34 silly install loadShrinkwrap
35 silly loadShrinkwrap Finishing
36 silly loadAllDepsIntoIdealTree Starting
37 silly install loadAllDepsIntoIdealTree
38 silly resolveWithNewModule node@8.2.1 checking installable status
39 silly cache add args [ 'node', null ]
40 verbose cache add spec node
41 silly cache add parsed spec Result {
41 silly cache add   raw: 'node',
41 silly cache add   scope: null,
41 silly cache add   escapedName: 'node',
41 silly cache add   name: 'node',
41 silly cache add   rawSpec: '',
41 silly cache add   spec: 'latest',
41 silly cache add   type: 'tag' }
42 silly addNamed node@latest
43 verbose addNamed "latest" is being treated as a dist-tag for node
44 info addNameTag [ 'node', 'latest' ]
45 silly mapToRegistry name node
46 silly mapToRegistry using default registry
47 silly mapToRegistry registry https://registry.npmjs.org/
48 silly mapToRegistry data Result {
48 silly mapToRegistry   raw: 'node',
48 silly mapToRegistry   scope: null,
48 silly mapToRegistry   escapedName: 'node',
48 silly mapToRegistry   name: 'node',
48 silly mapToRegistry   rawSpec: '',
48 silly mapToRegistry   spec: 'latest',
48 silly mapToRegistry   type: 'tag' }
49 silly mapToRegistry uri https://registry.npmjs.org/node
50 verbose addNameTag registry:https://registry.npmjs.org/node not in flight; fetching
51 verbose get https://registry.npmjs.org/node not expired, no request
52 silly addNameTag next cb for node with tag latest
53 silly addNamed node@8.2.1
54 verbose addNamed "8.2.1" is a plain semver version for node
55 silly mapToRegistry name node
56 silly mapToRegistry using default registry
57 silly mapToRegistry registry https://registry.npmjs.org/
58 silly mapToRegistry data Result {
58 silly mapToRegistry   raw: 'node',
58 silly mapToRegistry   scope: null,
58 silly mapToRegistry   escapedName: 'node',
58 silly mapToRegistry   name: 'node',
58 silly mapToRegistry   rawSpec: '',
58 silly mapToRegistry   spec: 'latest',
58 silly mapToRegistry   type: 'tag' }
59 silly mapToRegistry uri https://registry.npmjs.org/node
60 verbose addRemoteTarball https://registry.npmjs.org/node/-/node-8.2.1.tgz not in flight; adding
61 verbose addRemoteTarball [ 'https://registry.npmjs.org/node/-/node-8.2.1.tgz',
61 verbose addRemoteTarball   '860b3f57ef778177320f9b5da8171b6249fe4998' ]
62 info retry fetch attempt 1 at 11:46:02 AM
63 info attempt registry request try #1 at 11:46:02 AM
64 http fetch GET https://registry.npmjs.org/node/-/node-8.2.1.tgz
65 http fetch 200 https://registry.npmjs.org/node/-/node-8.2.1.tgz
66 silly fetchAndShaCheck shasum 860b3f57ef778177320f9b5da8171b6249fe4998
67 verbose addTmpTarball C:\Users\THEMAC~1\AppData\Local\Temp\npm-8656-2eddfcfd\registry.npmjs.org\node\-\node-8.2.1.tgz not in flight; adding
68 verbose addTmpTarball already have metadata; skipping unpack for node@8.2.1
69 verbose correctMkdir C:\Users\TheMachine\AppData\Roaming\npm-cache correctMkdir not in flight; initializing
70 silly cache afterAdd node@8.2.1
71 verbose afterAdd C:\Users\TheMachine\AppData\Roaming\npm-cache\node\8.2.1\package\package.json not in flight; writing
72 verbose correctMkdir C:\Users\TheMachine\AppData\Roaming\npm-cache correctMkdir not in flight; initializing
73 verbose afterAdd C:\Users\TheMachine\AppData\Roaming\npm-cache\node\8.2.1\package\package.json written
74 silly fetchNamedPackageData node-bin-setup
75 silly mapToRegistry name node-bin-setup
76 silly mapToRegistry using default registry
77 silly mapToRegistry registry https://registry.npmjs.org/
78 silly mapToRegistry data Result {
78 silly mapToRegistry   raw: 'node-bin-setup',
78 silly mapToRegistry   scope: null,
78 silly mapToRegistry   escapedName: 'node-bin-setup',
78 silly mapToRegistry   name: 'node-bin-setup',
78 silly mapToRegistry   rawSpec: '',
78 silly mapToRegistry   spec: 'latest',
78 silly mapToRegistry   type: 'tag' }
79 silly mapToRegistry uri https://registry.npmjs.org/node-bin-setup
80 verbose request uri https://registry.npmjs.org/node-bin-setup
81 verbose request no auth needed
82 info attempt registry request try #1 at 11:46:02 AM
83 http request GET https://registry.npmjs.org/node-bin-setup
84 http 200 https://registry.npmjs.org/node-bin-setup
85 verbose headers { server: 'nginx/1.10.1',
85 verbose headers   'content-type': 'application/json',
85 verbose headers   'last-modified': 'Tue, 25 Jul 2017 03:32:58 GMT',
85 verbose headers   etag: 'W/"5976bbea-1511"',
85 verbose headers   'content-encoding': 'gzip',
85 verbose headers   'cache-control': 'max-age=300',
85 verbose headers   'content-length': '1464',
85 verbose headers   'accept-ranges': 'bytes',
85 verbose headers   date: 'Wed, 09 Aug 2017 15:46:00 GMT',
85 verbose headers   via: '1.1 varnish',
85 verbose headers   age: '0',
85 verbose headers   connection: 'keep-alive',
85 verbose headers   'x-served-by': 'cache-dca17735-DCA',
85 verbose headers   'x-cache': 'MISS',
85 verbose headers   'x-cache-hits': '0',
85 verbose headers   'x-timer': 'S1502293561.540080,VS0,VE7',
85 verbose headers   vary: 'Accept-Encoding, Accept' }
86 silly get cb [ 200,
86 silly get   { server: 'nginx/1.10.1',
86 silly get     'content-type': 'application/json',
86 silly get     'last-modified': 'Tue, 25 Jul 2017 03:32:58 GMT',
86 silly get     etag: 'W/"5976bbea-1511"',
86 silly get     'content-encoding': 'gzip',
86 silly get     'cache-control': 'max-age=300',
86 silly get     'content-length': '1464',
86 silly get     'accept-ranges': 'bytes',
86 silly get     date: 'Wed, 09 Aug 2017 15:46:00 GMT',
86 silly get     via: '1.1 varnish',
86 silly get     age: '0',
86 silly get     connection: 'keep-alive',
86 silly get     'x-served-by': 'cache-dca17735-DCA',
86 silly get     'x-cache': 'MISS',
86 silly get     'x-cache-hits': '0',
86 silly get     'x-timer': 'S1502293561.540080,VS0,VE7',
86 silly get     vary: 'Accept-Encoding, Accept' } ]
87 verbose get saving node-bin-setup to C:\Users\TheMachine\AppData\Roaming\npm-cache\registry.npmjs.org\node-bin-setup\.cache.json
88 verbose correctMkdir C:\Users\TheMachine\AppData\Roaming\npm-cache correctMkdir not in flight; initializing
89 silly resolveWithNewModule node-bin-setup@1.0.6 checking installable status
90 silly cache add args [ 'node-bin-setup@^1.0.0', null ]
91 verbose cache add spec node-bin-setup@^1.0.0
92 silly cache add parsed spec Result {
92 silly cache add   raw: 'node-bin-setup@^1.0.0',
92 silly cache add   scope: null,
92 silly cache add   escapedName: 'node-bin-setup',
92 silly cache add   name: 'node-bin-setup',
92 silly cache add   rawSpec: '^1.0.0',
92 silly cache add   spec: '>=1.0.0 <2.0.0',
92 silly cache add   type: 'range' }
93 silly addNamed node-bin-setup@>=1.0.0 <2.0.0
94 verbose addNamed ">=1.0.0 <2.0.0" is a valid semver range for node-bin-setup
95 silly addNameRange { name: 'node-bin-setup',
95 silly addNameRange   range: '>=1.0.0 <2.0.0',
95 silly addNameRange   hasData: false }
96 silly mapToRegistry name node-bin-setup
97 silly mapToRegistry using default registry
98 silly mapToRegistry registry https://registry.npmjs.org/
99 silly mapToRegistry data Result {
99 silly mapToRegistry   raw: 'node-bin-setup',
99 silly mapToRegistry   scope: null,
99 silly mapToRegistry   escapedName: 'node-bin-setup',
99 silly mapToRegistry   name: 'node-bin-setup',
99 silly mapToRegistry   rawSpec: '',
99 silly mapToRegistry   spec: 'latest',
99 silly mapToRegistry   type: 'tag' }
100 silly mapToRegistry uri https://registry.npmjs.org/node-bin-setup
101 verbose addNameRange registry:https://registry.npmjs.org/node-bin-setup not in flight; fetching
102 verbose get https://registry.npmjs.org/node-bin-setup not expired, no request
103 silly addNameRange number 2 { name: 'node-bin-setup',
103 silly addNameRange   range: '>=1.0.0 <2.0.0',
103 silly addNameRange   hasData: true }
104 silly addNameRange versions [ 'node-bin-setup',
104 silly addNameRange   [ '1.0.0', '1.0.1', '1.0.2', '1.0.3', '1.0.4', '1.0.6' ] ]
105 silly addNamed node-bin-setup@1.0.6
106 verbose addNamed "1.0.6" is a plain semver version for node-bin-setup
107 silly mapToRegistry name node-bin-setup
108 silly mapToRegistry using default registry
109 silly mapToRegistry registry https://registry.npmjs.org/
110 silly mapToRegistry data Result {
110 silly mapToRegistry   raw: 'node-bin-setup',
110 silly mapToRegistry   scope: null,
110 silly mapToRegistry   escapedName: 'node-bin-setup',
110 silly mapToRegistry   name: 'node-bin-setup',
110 silly mapToRegistry   rawSpec: '',
110 silly mapToRegistry   spec: 'latest',
110 silly mapToRegistry   type: 'tag' }
111 silly mapToRegistry uri https://registry.npmjs.org/node-bin-setup
112 verbose addRemoteTarball https://registry.npmjs.org/node-bin-setup/-/node-bin-setup-1.0.6.tgz not in flight; adding
113 verbose addRemoteTarball [ 'https://registry.npmjs.org/node-bin-setup/-/node-bin-setup-1.0.6.tgz',
113 verbose addRemoteTarball   '4b5c9bb937ece702d7069b36ca78af4684677528' ]
114 info retry fetch attempt 1 at 11:46:02 AM
115 info attempt registry request try #1 at 11:46:02 AM
116 http fetch GET https://registry.npmjs.org/node-bin-setup/-/node-bin-setup-1.0.6.tgz
117 http fetch 200 https://registry.npmjs.org/node-bin-setup/-/node-bin-setup-1.0.6.tgz
118 silly fetchAndShaCheck shasum 4b5c9bb937ece702d7069b36ca78af4684677528
119 verbose addTmpTarball C:\Users\THEMAC~1\AppData\Local\Temp\npm-8656-2eddfcfd\registry.npmjs.org\node-bin-setup\-\node-bin-setup-1.0.6.tgz not in flight; adding
120 verbose addTmpTarball already have metadata; skipping unpack for node-bin-setup@1.0.6
121 verbose correctMkdir C:\Users\TheMachine\AppData\Roaming\npm-cache correctMkdir not in flight; initializing
122 silly cache afterAdd node-bin-setup@1.0.6
123 verbose afterAdd C:\Users\TheMachine\AppData\Roaming\npm-cache\node-bin-setup\1.0.6\package\package.json not in flight; writing
124 verbose correctMkdir C:\Users\TheMachine\AppData\Roaming\npm-cache correctMkdir not in flight; initializing
125 verbose afterAdd C:\Users\TheMachine\AppData\Roaming\npm-cache\node-bin-setup\1.0.6\package\package.json written
126 silly loadAllDepsIntoIdealTree Finishing
127 silly loadIdealTree Finishing
128 silly currentTree mvc-in-node.js@0.0.0
128 silly currentTree +-- abbrev@1.1.0
128 silly currentTree +-- accepts@1.3.3
128 silly currentTree +-- acorn-globals@1.0.9
128 silly currentTree +-- acorn@2.7.0
128 silly currentTree +-- ajv@4.11.8
128 silly currentTree +-- align-text@0.1.4
128 silly currentTree +-- amdefine@1.0.1
128 silly currentTree +-- ansi-regex@2.1.1
128 silly currentTree +-- aproba@1.1.1
128 silly currentTree +-- are-we-there-yet@1.1.4
128 silly currentTree +-- array-flatten@1.1.1
128 silly currentTree +-- asap@1.0.0
128 silly currentTree +-- asn1@0.2.3
128 silly currentTree +-- assert-plus@0.2.0
128 silly currentTree +-- async@2.4.0
128 silly currentTree +-- asynckit@0.4.0
128 silly currentTree +-- aws-sign2@0.6.0
128 silly currentTree +-- aws4@1.6.0
128 silly currentTree +-- balanced-match@0.4.2
128 silly currentTree +-- basic-auth@1.0.4
128 silly currentTree +-- bcrypt-pbkdf@1.0.1
128 silly currentTree +-- bcrypt@1.0.2
128 silly currentTree +-- bindings@1.2.1
128 silly currentTree +-- block-stream@0.0.9
128 silly currentTree +-- body-parser@1.16.1
128 silly currentTree | +-- debug@2.6.1
128 silly currentTree | +-- ms@0.7.2
128 silly currentTree | `-- qs@6.2.1
128 silly currentTree +-- boom@2.10.1
128 silly currentTree +-- brace-expansion@1.1.7
128 silly currentTree +-- bson@1.0.4
128 silly currentTree +-- buffer-shims@1.0.0
128 silly currentTree +-- busboy@0.2.14
128 silly currentTree | +-- isarray@0.0.1
128 silly currentTree | +-- readable-stream@1.1.14
128 silly currentTree | `-- string_decoder@0.10.31
128 silly currentTree +-- bytes@2.4.0
128 silly currentTree +-- camelcase@1.2.1
128 silly currentTree +-- caseless@0.12.0
128 silly currentTree +-- center-align@0.1.3
128 silly currentTree +-- character-parser@1.2.1
128 silly currentTree +-- clean-css@3.4.28
128 silly currentTree | `-- commander@2.8.1
128 silly currentTree +-- cliui@2.1.0
128 silly currentTree | `-- wordwrap@0.0.2
128 silly currentTree +-- co@4.6.0
128 silly currentTree +-- code-point-at@1.1.0
128 silly currentTree +-- combined-stream@1.0.5
128 silly currentTree +-- commander@2.6.0
128 silly currentTree +-- concat-map@0.0.1
128 silly currentTree +-- console-control-strings@1.1.0
128 silly currentTree +-- consolidate@0.14.5
128 silly currentTree | `-- bluebird@3.4.7
128 silly currentTree +-- constantinople@3.0.2
128 silly currentTree +-- content-disposition@0.5.2
128 silly currentTree +-- content-type@1.0.2
128 silly currentTree +-- cookie-parser@1.4.3
128 silly currentTree +-- cookie-signature@1.0.6
128 silly currentTree +-- cookie@0.3.1
128 silly currentTree +-- core-util-is@1.0.2
128 silly currentTree +-- cors@2.7.1
128 silly currentTree | `-- vary@1.1.0
128 silly currentTree +-- crc@3.4.4
128 silly currentTree +-- cryptiles@2.0.5
128 silly currentTree +-- css-parse@1.0.4
128 silly currentTree +-- css-stringify@1.0.5
128 silly currentTree +-- css@1.0.8
128 silly currentTree +-- dashdash@1.14.1
128 silly currentTree | `-- assert-plus@1.0.0
128 silly currentTree +-- debug@2.6.8
128 silly currentTree +-- decamelize@1.2.0
128 silly currentTree +-- deep-extend@0.4.2
128 silly currentTree +-- delayed-stream@1.0.0
128 silly currentTree +-- delegates@1.0.0
128 silly currentTree +-- depd@1.1.0
128 silly currentTree +-- destroy@1.0.4
128 silly currentTree +-- dicer@0.2.5
128 silly currentTree | +-- isarray@0.0.1
128 silly currentTree | +-- readable-stream@1.1.14
128 silly currentTree | `-- string_decoder@0.10.31
128 silly currentTree +-- ecc-jsbn@0.1.1
128 silly currentTree +-- ee-first@1.1.1
128 silly currentTree +-- encodeurl@1.0.1
128 silly currentTree +-- es6-promise@3.2.1
128 silly currentTree +-- escape-html@1.0.3
128 silly currentTree +-- etag@1.7.0
128 silly currentTree +-- express-fileupload@0.1.4
128 silly currentTree +-- express-generator@4.14.1
128 silly currentTree | +-- commander@2.9.0
128 silly currentTree | | `-- graceful-readlink@1.0.1
128 silly currentTree | +-- mkdirp@0.5.1
128 silly currentTree | | `-- minimist@0.0.8
128 silly currentTree | `-- sorted-object@2.0.1
128 silly currentTree +-- express-paginate@0.2.2
128 silly currentTree +-- express-session@1.15.5
128 silly currentTree | `-- depd@1.1.1
128 silly currentTree +-- express@4.14.1
128 silly currentTree | +-- debug@2.2.0
128 silly currentTree | +-- ms@0.7.1
128 silly currentTree | `-- qs@6.2.0
128 silly currentTree +-- extend@3.0.1
128 silly currentTree +-- extsprintf@1.0.2
128 silly currentTree +-- finalhandler@0.5.1
128 silly currentTree | +-- debug@2.2.0
128 silly currentTree | `-- ms@0.7.1
128 silly currentTree +-- forever-agent@0.6.1
128 silly currentTree +-- form-data@2.1.4
128 silly currentTree +-- forwarded@0.1.0
128 silly currentTree +-- fresh@0.3.0
128 silly currentTree +-- fs-extra@0.22.1
128 silly currentTree +-- fs.realpath@1.0.0
128 silly currentTree +-- fstream-ignore@1.0.5
128 silly currentTree +-- fstream@1.0.11
128 silly currentTree +-- gauge@2.7.4
128 silly currentTree +-- getpass@0.1.7
128 silly currentTree | `-- assert-plus@1.0.0
128 silly currentTree +-- glob@7.1.1
128 silly currentTree +-- graceful-fs@4.1.11
128 silly currentTree +-- graceful-readlink@1.0.1
128 silly currentTree +-- har-schema@1.0.5
128 silly currentTree +-- har-validator@4.2.1
128 silly currentTree +-- has-unicode@2.0.1
128 silly currentTree +-- hawk@3.1.3
128 silly currentTree +-- hoek@2.16.3
128 silly currentTree +-- http-errors@1.5.1
128 silly currentTree +-- http-signature@1.1.1
128 silly currentTree +-- http@0.0.0
128 silly currentTree +-- httpdispatcher@1.0.0
128 silly currentTree | `-- mime@1.3.4
128 silly currentTree +-- iconv-lite@0.4.15
128 silly currentTree +-- inflight@1.0.6
128 silly currentTree +-- inherits@2.0.3
128 silly currentTree +-- ini@1.3.4
128 silly currentTree +-- ipaddr.js@1.4.0
128 silly currentTree +-- is-buffer@1.1.5
128 silly currentTree +-- is-fullwidth-code-point@1.0.0
128 silly currentTree +-- is-promise@2.1.0
128 silly currentTree +-- is-typedarray@1.0.0
128 silly currentTree +-- isarray@1.0.0
128 silly currentTree +-- isstream@0.1.2
128 silly currentTree +-- jade@1.11.0
128 silly currentTree +-- jodid25519@1.0.2
128 silly currentTree +-- jsbn@0.1.1
128 silly currentTree +-- json-schema@0.2.3
128 silly currentTree +-- json-stable-stringify@1.0.1
128 silly currentTree +-- json-stringify-safe@5.0.1
128 silly currentTree +-- jsonfile@2.4.0
128 silly currentTree +-- jsonify@0.0.0
128 silly currentTree +-- jsprim@1.4.0
128 silly currentTree | `-- assert-plus@1.0.0
128 silly currentTree +-- jstransformer@0.0.2
128 silly currentTree +-- kind-of@3.2.2
128 silly currentTree +-- lazy-cache@1.0.4
128 silly currentTree +-- lodash._arraycopy@3.0.0
128 silly currentTree +-- lodash._arrayeach@3.0.0
128 silly currentTree +-- lodash._baseassign@3.2.0
128 silly currentTree +-- lodash._baseclone@3.3.0
128 silly currentTree +-- lodash._basecopy@3.0.1
128 silly currentTree +-- lodash._basefor@3.0.3
128 silly currentTree +-- lodash._bindcallback@3.0.1
128 silly currentTree +-- lodash._createassigner@3.1.1
128 silly currentTree +-- lodash._getnative@3.9.1
128 silly currentTree +-- lodash._isiterateecall@3.0.9
128 silly currentTree +-- lodash.assign@3.2.0
128 silly currentTree +-- lodash.clone@3.0.3
128 silly currentTree +-- lodash.isarguments@3.1.0
128 silly currentTree +-- lodash.isarray@3.0.4
128 silly currentTree +-- lodash.isobject@3.0.2
128 silly currentTree +-- lodash.keys@3.1.2
128 silly currentTree +-- lodash.restparam@3.6.1
128 silly currentTree +-- lodash@4.17.4
128 silly currentTree +-- longest@1.0.1
128 silly currentTree +-- media-typer@0.3.0
128 silly currentTree +-- merge-descriptors@1.0.1
128 silly currentTree +-- methods@1.1.2
128 silly currentTree +-- mime-db@1.27.0
128 silly currentTree +-- mime-types@2.1.15
128 silly currentTree +-- mime@1.3.4
128 silly currentTree +-- minimatch@3.0.4
128 silly currentTree +-- minimist@0.0.8
128 silly currentTree +-- mkdirp@0.5.1
128 silly currentTree +-- mongo@0.1.0
128 silly currentTree +-- mongodb-core@2.1.10
128 silly currentTree +-- mongodb@2.2.26
128 silly currentTree +-- monk@4.0.0
128 silly currentTree +-- morgan@1.7.0
128 silly currentTree | +-- debug@2.2.0
128 silly currentTree | `-- ms@0.7.1
128 silly currentTree +-- ms@2.0.0
128 silly currentTree +-- mysql@2.10.2
128 silly currentTree | +-- bignumber.js@2.1.4
128 silly currentTree | `-- readable-stream@1.1.13
128 silly currentTree |   +-- core-util-is@1.0.2
128 silly currentTree |   +-- inherits@2.0.1
128 silly currentTree |   +-- isarray@0.0.1
128 silly currentTree |   `-- string_decoder@0.10.31
128 silly currentTree +-- nan@2.5.0
128 silly currentTree +-- negotiator@0.6.1
128 silly currentTree +-- node-datetime@1.0.0
128 silly currentTree +-- node-pre-gyp@0.6.32
128 silly currentTree +-- nopt@3.0.6
128 silly currentTree +-- npmlog@4.1.0
128 silly currentTree +-- number-is-nan@1.0.1
128 silly currentTree +-- oauth-sign@0.8.2
128 silly currentTree +-- object-assign@4.1.1
128 silly currentTree +-- on-finished@2.3.0
128 silly currentTree +-- on-headers@1.0.1
128 silly currentTree +-- once@1.4.0
128 silly currentTree +-- optimist@0.3.7
128 silly currentTree +-- parseurl@1.3.1
128 silly currentTree +-- path-is-absolute@1.0.1
128 silly currentTree +-- path-to-regexp@0.1.7
128 silly currentTree +-- performance-now@0.2.0
128 silly currentTree +-- process-nextick-args@1.0.7
128 silly currentTree +-- promise@6.1.0
128 silly currentTree +-- proxy-addr@1.1.5
128 silly currentTree +-- punycode@1.4.1
128 silly currentTree +-- qs@6.4.0
128 silly currentTree +-- querystring@0.2.0
128 silly currentTree +-- random-bytes@1.0.0
128 silly currentTree +-- range-parser@1.2.0
128 silly currentTree +-- raw-body@2.2.0
128 silly currentTree +-- rc@1.1.7
128 silly currentTree | `-- minimist@1.2.0
128 silly currentTree +-- readable-stream@2.2.7
128 silly currentTree +-- repeat-string@1.6.1
128 silly currentTree +-- request@2.81.0
128 silly currentTree +-- require_optional@1.0.0
128 silly currentTree +-- resolve-from@2.0.0
128 silly currentTree +-- right-align@0.1.3
128 silly currentTree +-- rimraf@2.5.4
128 silly currentTree +-- safe-buffer@5.0.1
128 silly currentTree +-- semver@5.3.0
128 silly currentTree +-- send@0.14.2
128 silly currentTree | +-- debug@2.2.0
128 silly currentTree | | `-- ms@0.7.1
128 silly currentTree | `-- ms@0.7.2
128 silly currentTree +-- serve-favicon@2.3.2
128 silly currentTree | `-- ms@0.7.2
128 silly currentTree +-- serve-static@1.11.2
128 silly currentTree +-- set-blocking@2.0.0
128 silly currentTree +-- setprototypeof@1.0.2
128 silly currentTree +-- signal-exit@3.0.2
128 silly currentTree +-- sntp@1.0.9
128 silly currentTree +-- source-map@0.4.4
128 silly currentTree +-- sshpk@1.13.0
128 silly currentTree | `-- assert-plus@1.0.0
128 silly currentTree +-- statuses@1.3.1
128 silly currentTree +-- streamifier@0.1.1
128 silly currentTree +-- streamsearch@0.1.2
128 silly currentTree +-- string_decoder@1.0.0
128 silly currentTree +-- string-width@1.0.2
128 silly currentTree +-- stringstream@0.0.5
128 silly currentTree +-- strip-ansi@3.0.1
128 silly currentTree +-- strip-json-comments@2.0.1
128 silly currentTree +-- swig@1.4.2
128 silly currentTree | +-- optimist@0.6.1
128 silly currentTree | | +-- minimist@0.0.10
128 silly currentTree | | `-- wordwrap@0.0.3
128 silly currentTree | `-- uglify-js@2.4.24
128 silly currentTree |   +-- async@0.2.10
128 silly currentTree |   +-- source-map@0.1.34
128 silly currentTree |   | `-- amdefine@1.0.1
128 silly currentTree |   +-- uglify-to-browserify@1.0.2
128 silly currentTree |   `-- yargs@3.5.4
128 silly currentTree |     +-- camelcase@1.2.1
128 silly currentTree |     +-- decamelize@1.2.0
128 silly currentTree |     +-- window-size@0.1.0
128 silly currentTree |     `-- wordwrap@0.0.2
128 silly currentTree +-- tar-pack@3.3.0
128 silly currentTree | +-- debug@2.2.0
128 silly currentTree | +-- ms@0.7.1
128 silly currentTree | +-- once@1.3.3
128 silly currentTree | +-- readable-stream@2.1.5
128 silly currentTree | `-- string_decoder@0.10.31
128 silly currentTree +-- tar@2.2.1
128 silly currentTree +-- tough-cookie@2.3.2
128 silly currentTree +-- transformers@2.1.0
128 silly currentTree | +-- is-promise@1.0.1
128 silly currentTree | +-- promise@2.0.0
128 silly currentTree | +-- source-map@0.1.43
128 silly currentTree | `-- uglify-js@2.2.5
128 silly currentTree +-- tunnel-agent@0.6.0
128 silly currentTree +-- tweetnacl@0.14.5
128 silly currentTree +-- type-is@1.6.15
128 silly currentTree +-- uglify-js@2.8.29
128 silly currentTree | `-- source-map@0.5.6
128 silly currentTree +-- uglify-to-browserify@1.0.2
128 silly currentTree +-- uid-number@0.0.6
128 silly currentTree +-- uid-safe@2.1.5
128 silly currentTree +-- unpipe@1.0.0
128 silly currentTree +-- util-deprecate@1.0.2
128 silly currentTree +-- utils-merge@1.0.0
128 silly currentTree +-- uuid@3.0.1
128 silly currentTree +-- vary@1.1.1
128 silly currentTree +-- verror@1.3.6
128 silly currentTree +-- void-elements@2.0.1
128 silly currentTree +-- wide-align@1.1.2
128 silly currentTree +-- window-size@0.1.0
128 silly currentTree +-- with@4.0.3
128 silly currentTree | `-- acorn@1.2.2
128 silly currentTree +-- wordwrap@0.0.3
128 silly currentTree +-- wrappy@1.0.2
128 silly currentTree `-- yargs@3.10.0
129 silly idealTree mvc-in-node.js@0.0.0
129 silly idealTree +-- abbrev@1.1.0
129 silly idealTree +-- accepts@1.3.3
129 silly idealTree +-- acorn-globals@1.0.9
129 silly idealTree +-- acorn@2.7.0
129 silly idealTree +-- ajv@4.11.8
129 silly idealTree +-- align-text@0.1.4
129 silly idealTree +-- amdefine@1.0.1
129 silly idealTree +-- ansi-regex@2.1.1
129 silly idealTree +-- aproba@1.1.1
129 silly idealTree +-- are-we-there-yet@1.1.4
129 silly idealTree +-- array-flatten@1.1.1
129 silly idealTree +-- asap@1.0.0
129 silly idealTree +-- asn1@0.2.3
129 silly idealTree +-- assert-plus@0.2.0
129 silly idealTree +-- async@2.4.0
129 silly idealTree +-- asynckit@0.4.0
129 silly idealTree +-- aws-sign2@0.6.0
129 silly idealTree +-- aws4@1.6.0
129 silly idealTree +-- balanced-match@0.4.2
129 silly idealTree +-- basic-auth@1.0.4
129 silly idealTree +-- bcrypt-pbkdf@1.0.1
129 silly idealTree +-- bcrypt@1.0.2
129 silly idealTree +-- bindings@1.2.1
129 silly idealTree +-- block-stream@0.0.9
129 silly idealTree +-- body-parser@1.16.1
129 silly idealTree | +-- debug@2.6.1
129 silly idealTree | +-- ms@0.7.2
129 silly idealTree | `-- qs@6.2.1
129 silly idealTree +-- boom@2.10.1
129 silly idealTree +-- brace-expansion@1.1.7
129 silly idealTree +-- bson@1.0.4
129 silly idealTree +-- buffer-shims@1.0.0
129 silly idealTree +-- busboy@0.2.14
129 silly idealTree | +-- isarray@0.0.1
129 silly idealTree | +-- readable-stream@1.1.14
129 silly idealTree | `-- string_decoder@0.10.31
129 silly idealTree +-- bytes@2.4.0
129 silly idealTree +-- camelcase@1.2.1
129 silly idealTree +-- caseless@0.12.0
129 silly idealTree +-- center-align@0.1.3
129 silly idealTree +-- character-parser@1.2.1
129 silly idealTree +-- clean-css@3.4.28
129 silly idealTree | `-- commander@2.8.1
129 silly idealTree +-- cliui@2.1.0
129 silly idealTree | `-- wordwrap@0.0.2
129 silly idealTree +-- co@4.6.0
129 silly idealTree +-- code-point-at@1.1.0
129 silly idealTree +-- combined-stream@1.0.5
129 silly idealTree +-- commander@2.6.0
129 silly idealTree +-- concat-map@0.0.1
129 silly idealTree +-- console-control-strings@1.1.0
129 silly idealTree +-- consolidate@0.14.5
129 silly idealTree | `-- bluebird@3.4.7
129 silly idealTree +-- constantinople@3.0.2
129 silly idealTree +-- content-disposition@0.5.2
129 silly idealTree +-- content-type@1.0.2
129 silly idealTree +-- cookie-parser@1.4.3
129 silly idealTree +-- cookie-signature@1.0.6
129 silly idealTree +-- cookie@0.3.1
129 silly idealTree +-- core-util-is@1.0.2
129 silly idealTree +-- cors@2.7.1
129 silly idealTree | `-- vary@1.1.0
129 silly idealTree +-- crc@3.4.4
129 silly idealTree +-- cryptiles@2.0.5
129 silly idealTree +-- css-parse@1.0.4
129 silly idealTree +-- css-stringify@1.0.5
129 silly idealTree +-- css@1.0.8
129 silly idealTree +-- dashdash@1.14.1
129 silly idealTree | `-- assert-plus@1.0.0
129 silly idealTree +-- debug@2.6.8
129 silly idealTree +-- decamelize@1.2.0
129 silly idealTree +-- deep-extend@0.4.2
129 silly idealTree +-- delayed-stream@1.0.0
129 silly idealTree +-- delegates@1.0.0
129 silly idealTree +-- depd@1.1.0
129 silly idealTree +-- destroy@1.0.4
129 silly idealTree +-- dicer@0.2.5
129 silly idealTree | +-- isarray@0.0.1
129 silly idealTree | +-- readable-stream@1.1.14
129 silly idealTree | `-- string_decoder@0.10.31
129 silly idealTree +-- ecc-jsbn@0.1.1
129 silly idealTree +-- ee-first@1.1.1
129 silly idealTree +-- encodeurl@1.0.1
129 silly idealTree +-- es6-promise@3.2.1
129 silly idealTree +-- escape-html@1.0.3
129 silly idealTree +-- etag@1.7.0
129 silly idealTree +-- express-fileupload@0.1.4
129 silly idealTree +-- express-generator@4.14.1
129 silly idealTree | +-- commander@2.9.0
129 silly idealTree | | `-- graceful-readlink@1.0.1
129 silly idealTree | +-- mkdirp@0.5.1
129 silly idealTree | | `-- minimist@0.0.8
129 silly idealTree | `-- sorted-object@2.0.1
129 silly idealTree +-- express-paginate@0.2.2
129 silly idealTree +-- express-session@1.15.5
129 silly idealTree | `-- depd@1.1.1
129 silly idealTree +-- express@4.14.1
129 silly idealTree | +-- debug@2.2.0
129 silly idealTree | +-- ms@0.7.1
129 silly idealTree | `-- qs@6.2.0
129 silly idealTree +-- extend@3.0.1
129 silly idealTree +-- extsprintf@1.0.2
129 silly idealTree +-- finalhandler@0.5.1
129 silly idealTree | +-- debug@2.2.0
129 silly idealTree | `-- ms@0.7.1
129 silly idealTree +-- forever-agent@0.6.1
129 silly idealTree +-- form-data@2.1.4
129 silly idealTree +-- forwarded@0.1.0
129 silly idealTree +-- fresh@0.3.0
129 silly idealTree +-- fs-extra@0.22.1
129 silly idealTree +-- fs.realpath@1.0.0
129 silly idealTree +-- fstream-ignore@1.0.5
129 silly idealTree +-- fstream@1.0.11
129 silly idealTree +-- gauge@2.7.4
129 silly idealTree +-- getpass@0.1.7
129 silly idealTree | `-- assert-plus@1.0.0
129 silly idealTree +-- glob@7.1.1
129 silly idealTree +-- graceful-fs@4.1.11
129 silly idealTree +-- graceful-readlink@1.0.1
129 silly idealTree +-- har-schema@1.0.5
129 silly idealTree +-- har-validator@4.2.1
129 silly idealTree +-- has-unicode@2.0.1
129 silly idealTree +-- hawk@3.1.3
129 silly idealTree +-- hoek@2.16.3
129 silly idealTree +-- http-errors@1.5.1
129 silly idealTree +-- http-signature@1.1.1
129 silly idealTree +-- http@0.0.0
129 silly idealTree +-- httpdispatcher@1.0.0
129 silly idealTree | `-- mime@1.3.4
129 silly idealTree +-- iconv-lite@0.4.15
129 silly idealTree +-- inflight@1.0.6
129 silly idealTree +-- inherits@2.0.3
129 silly idealTree +-- ini@1.3.4
129 silly idealTree +-- ipaddr.js@1.4.0
129 silly idealTree +-- is-buffer@1.1.5
129 silly idealTree +-- is-fullwidth-code-point@1.0.0
129 silly idealTree +-- is-promise@2.1.0
129 silly idealTree +-- is-typedarray@1.0.0
129 silly idealTree +-- isarray@1.0.0
129 silly idealTree +-- isstream@0.1.2
129 silly idealTree +-- jade@1.11.0
129 silly idealTree +-- jodid25519@1.0.2
129 silly idealTree +-- jsbn@0.1.1
129 silly idealTree +-- json-schema@0.2.3
129 silly idealTree +-- json-stable-stringify@1.0.1
129 silly idealTree +-- json-stringify-safe@5.0.1
129 silly idealTree +-- jsonfile@2.4.0
129 silly idealTree +-- jsonify@0.0.0
129 silly idealTree +-- jsprim@1.4.0
129 silly idealTree | `-- assert-plus@1.0.0
129 silly idealTree +-- jstransformer@0.0.2
129 silly idealTree +-- kind-of@3.2.2
129 silly idealTree +-- lazy-cache@1.0.4
129 silly idealTree +-- lodash._arraycopy@3.0.0
129 silly idealTree +-- lodash._arrayeach@3.0.0
129 silly idealTree +-- lodash._baseassign@3.2.0
129 silly idealTree +-- lodash._baseclone@3.3.0
129 silly idealTree +-- lodash._basecopy@3.0.1
129 silly idealTree +-- lodash._basefor@3.0.3
129 silly idealTree +-- lodash._bindcallback@3.0.1
129 silly idealTree +-- lodash._createassigner@3.1.1
129 silly idealTree +-- lodash._getnative@3.9.1
129 silly idealTree +-- lodash._isiterateecall@3.0.9
129 silly idealTree +-- lodash.assign@3.2.0
129 silly idealTree +-- lodash.clone@3.0.3
129 silly idealTree +-- lodash.isarguments@3.1.0
129 silly idealTree +-- lodash.isarray@3.0.4
129 silly idealTree +-- lodash.isobject@3.0.2
129 silly idealTree +-- lodash.keys@3.1.2
129 silly idealTree +-- lodash.restparam@3.6.1
129 silly idealTree +-- lodash@4.17.4
129 silly idealTree +-- longest@1.0.1
129 silly idealTree +-- media-typer@0.3.0
129 silly idealTree +-- merge-descriptors@1.0.1
129 silly idealTree +-- methods@1.1.2
129 silly idealTree +-- mime-db@1.27.0
129 silly idealTree +-- mime-types@2.1.15
129 silly idealTree +-- mime@1.3.4
129 silly idealTree +-- minimatch@3.0.4
129 silly idealTree +-- minimist@0.0.8
129 silly idealTree +-- mkdirp@0.5.1
129 silly idealTree +-- mongo@0.1.0
129 silly idealTree +-- mongodb-core@2.1.10
129 silly idealTree +-- mongodb@2.2.26
129 silly idealTree +-- monk@4.0.0
129 silly idealTree +-- morgan@1.7.0
129 silly idealTree | +-- debug@2.2.0
129 silly idealTree | `-- ms@0.7.1
129 silly idealTree +-- ms@2.0.0
129 silly idealTree +-- mysql@2.10.2
129 silly idealTree | +-- bignumber.js@2.1.4
129 silly idealTree | `-- readable-stream@1.1.13
129 silly idealTree |   +-- core-util-is@1.0.2
129 silly idealTree |   +-- inherits@2.0.1
129 silly idealTree |   +-- isarray@0.0.1
129 silly idealTree |   `-- string_decoder@0.10.31
129 silly idealTree +-- nan@2.5.0
129 silly idealTree +-- negotiator@0.6.1
129 silly idealTree +-- node-bin-setup@1.0.6
129 silly idealTree +-- node-datetime@1.0.0
129 silly idealTree +-- node-pre-gyp@0.6.32
129 silly idealTree +-- node@8.2.1
129 silly idealTree +-- nopt@3.0.6
129 silly idealTree +-- npmlog@4.1.0
129 silly idealTree +-- number-is-nan@1.0.1
129 silly idealTree +-- oauth-sign@0.8.2
129 silly idealTree +-- object-assign@4.1.1
129 silly idealTree +-- on-finished@2.3.0
129 silly idealTree +-- on-headers@1.0.1
129 silly idealTree +-- once@1.4.0
129 silly idealTree +-- optimist@0.3.7
129 silly idealTree +-- parseurl@1.3.1
129 silly idealTree +-- path-is-absolute@1.0.1
129 silly idealTree +-- path-to-regexp@0.1.7
129 silly idealTree +-- performance-now@0.2.0
129 silly idealTree +-- process-nextick-args@1.0.7
129 silly idealTree +-- promise@6.1.0
129 silly idealTree +-- proxy-addr@1.1.5
129 silly idealTree +-- punycode@1.4.1
129 silly idealTree +-- qs@6.4.0
129 silly idealTree +-- querystring@0.2.0
129 silly idealTree +-- random-bytes@1.0.0
129 silly idealTree +-- range-parser@1.2.0
129 silly idealTree +-- raw-body@2.2.0
129 silly idealTree +-- rc@1.1.7
129 silly idealTree | `-- minimist@1.2.0
129 silly idealTree +-- readable-stream@2.2.7
129 silly idealTree +-- repeat-string@1.6.1
129 silly idealTree +-- request@2.81.0
129 silly idealTree +-- require_optional@1.0.0
129 silly idealTree +-- resolve-from@2.0.0
129 silly idealTree +-- right-align@0.1.3
129 silly idealTree +-- rimraf@2.5.4
129 silly idealTree +-- safe-buffer@5.0.1
129 silly idealTree +-- semver@5.3.0
129 silly idealTree +-- send@0.14.2
129 silly idealTree | +-- debug@2.2.0
129 silly idealTree | | `-- ms@0.7.1
129 silly idealTree | `-- ms@0.7.2
129 silly idealTree +-- serve-favicon@2.3.2
129 silly idealTree | `-- ms@0.7.2
129 silly idealTree +-- serve-static@1.11.2
129 silly idealTree +-- set-blocking@2.0.0
129 silly idealTree +-- setprototypeof@1.0.2
129 silly idealTree +-- signal-exit@3.0.2
129 silly idealTree +-- sntp@1.0.9
129 silly idealTree +-- source-map@0.4.4
129 silly idealTree +-- sshpk@1.13.0
129 silly idealTree | `-- assert-plus@1.0.0
129 silly idealTree +-- statuses@1.3.1
129 silly idealTree +-- streamifier@0.1.1
129 silly idealTree +-- streamsearch@0.1.2
129 silly idealTree +-- string_decoder@1.0.0
129 silly idealTree +-- string-width@1.0.2
129 silly idealTree +-- stringstream@0.0.5
129 silly idealTree +-- strip-ansi@3.0.1
129 silly idealTree +-- strip-json-comments@2.0.1
129 silly idealTree +-- swig@1.4.2
129 silly idealTree | +-- optimist@0.6.1
129 silly idealTree | | +-- minimist@0.0.10
129 silly idealTree | | `-- wordwrap@0.0.3
129 silly idealTree | `-- uglify-js@2.4.24
129 silly idealTree |   +-- async@0.2.10
129 silly idealTree |   +-- source-map@0.1.34
129 silly idealTree |   | `-- amdefine@1.0.1
129 silly idealTree |   +-- uglify-to-browserify@1.0.2
129 silly idealTree |   `-- yargs@3.5.4
129 silly idealTree |     +-- camelcase@1.2.1
129 silly idealTree |     +-- decamelize@1.2.0
129 silly idealTree |     +-- window-size@0.1.0
129 silly idealTree |     `-- wordwrap@0.0.2
129 silly idealTree +-- tar-pack@3.3.0
129 silly idealTree | +-- debug@2.2.0
129 silly idealTree | +-- ms@0.7.1
129 silly idealTree | +-- once@1.3.3
129 silly idealTree | +-- readable-stream@2.1.5
129 silly idealTree | `-- string_decoder@0.10.31
129 silly idealTree +-- tar@2.2.1
129 silly idealTree +-- tough-cookie@2.3.2
129 silly idealTree +-- transformers@2.1.0
129 silly idealTree | +-- is-promise@1.0.1
129 silly idealTree | +-- promise@2.0.0
129 silly idealTree | +-- source-map@0.1.43
129 silly idealTree | `-- uglify-js@2.2.5
129 silly idealTree +-- tunnel-agent@0.6.0
129 silly idealTree +-- tweetnacl@0.14.5
129 silly idealTree +-- type-is@1.6.15
129 silly idealTree +-- uglify-js@2.8.29
129 silly idealTree | `-- source-map@0.5.6
129 silly idealTree +-- uglify-to-browserify@1.0.2
129 silly idealTree +-- uid-number@0.0.6
129 silly idealTree +-- uid-safe@2.1.5
129 silly idealTree +-- unpipe@1.0.0
129 silly idealTree +-- util-deprecate@1.0.2
129 silly idealTree +-- utils-merge@1.0.0
129 silly idealTree +-- uuid@3.0.1
129 silly idealTree +-- vary@1.1.1
129 silly idealTree +-- verror@1.3.6
129 silly idealTree +-- void-elements@2.0.1
129 silly idealTree +-- wide-align@1.1.2
129 silly idealTree +-- window-size@0.1.0
129 silly idealTree +-- with@4.0.3
129 silly idealTree | `-- acorn@1.2.2
129 silly idealTree +-- wordwrap@0.0.3
129 silly idealTree +-- wrappy@1.0.2
129 silly idealTree `-- yargs@3.10.0
130 silly generateActionsToTake Starting
131 silly install generateActionsToTake
132 silly generateActionsToTake Finishing
133 silly diffTrees action count 2
134 silly diffTrees add node-bin-setup@1.0.6
135 silly diffTrees add node@8.2.1
136 silly decomposeActions action count 16
137 silly decomposeActions fetch node-bin-setup@1.0.6
138 silly decomposeActions extract node-bin-setup@1.0.6
139 silly decomposeActions test node-bin-setup@1.0.6
140 silly decomposeActions preinstall node-bin-setup@1.0.6
141 silly decomposeActions build node-bin-setup@1.0.6
142 silly decomposeActions install node-bin-setup@1.0.6
143 silly decomposeActions postinstall node-bin-setup@1.0.6
144 silly decomposeActions finalize node-bin-setup@1.0.6
145 silly decomposeActions fetch node@8.2.1
146 silly decomposeActions extract node@8.2.1
147 silly decomposeActions test node@8.2.1
148 silly decomposeActions preinstall node@8.2.1
149 silly decomposeActions build node@8.2.1
150 silly decomposeActions install node@8.2.1
151 silly decomposeActions postinstall node@8.2.1
152 silly decomposeActions finalize node@8.2.1
153 silly runTopLevelLifecycles Starting
154 silly executeActions Starting
155 silly install executeActions
156 silly doSerial global-install 0
157 silly doParallel fetch 2
158 verbose correctMkdir C:\Users\TheMachine\AppData\Roaming\npm-cache\_locks correctMkdir not in flight; initializing
159 verbose lock using C:\Users\TheMachine\AppData\Roaming\npm-cache\_locks\staging-a6c56d3db52e6298.lock for C:\Users\TheMachine\Desktop\shoppingCart\ShoppingCart\node_modules\.staging
160 silly doParallel extract 2
161 silly extract node-bin-setup@1.0.6
162 silly extract node@8.2.1
163 verbose unbuild node_modules\.staging\node-bin-setup-50c2ca77
164 verbose unbuild node_modules\.staging\node-2ffc1b08
165 silly gentlyRm C:\Users\TheMachine\Desktop\shoppingCart\ShoppingCart\node_modules\.staging\node-bin-setup-50c2ca77 is being purged from base C:\Users\TheMachine\Desktop\shoppingCart\ShoppingCart
166 verbose gentlyRm don't care about contents; nuking C:\Users\TheMachine\Desktop\shoppingCart\ShoppingCart\node_modules\.staging\node-bin-setup-50c2ca77
167 verbose tar unpack C:\Users\TheMachine\AppData\Roaming\npm-cache\node-bin-setup\1.0.6\package.tgz
168 verbose tar unpacking to C:\Users\TheMachine\Desktop\shoppingCart\ShoppingCart\node_modules\.staging\node-bin-setup-50c2ca77
169 silly gentlyRm C:\Users\TheMachine\Desktop\shoppingCart\ShoppingCart\node_modules\.staging\node-bin-setup-50c2ca77 is being purged
170 verbose gentlyRm don't care about contents; nuking C:\Users\TheMachine\Desktop\shoppingCart\ShoppingCart\node_modules\.staging\node-bin-setup-50c2ca77
171 silly gentlyRm C:\Users\TheMachine\Desktop\shoppingCart\ShoppingCart\node_modules\.staging\node-2ffc1b08 is being purged from base C:\Users\TheMachine\Desktop\shoppingCart\ShoppingCart
172 verbose gentlyRm don't care about contents; nuking C:\Users\TheMachine\Desktop\shoppingCart\ShoppingCart\node_modules\.staging\node-2ffc1b08
173 silly gunzTarPerm modes [ '777', '666' ]
174 verbose tar unpack C:\Users\TheMachine\AppData\Roaming\npm-cache\node\8.2.1\package.tgz
175 verbose tar unpacking to C:\Users\TheMachine\Desktop\shoppingCart\ShoppingCart\node_modules\.staging\node-2ffc1b08
176 silly gentlyRm C:\Users\TheMachine\Desktop\shoppingCart\ShoppingCart\node_modules\.staging\node-2ffc1b08 is being purged
177 verbose gentlyRm don't care about contents; nuking C:\Users\TheMachine\Desktop\shoppingCart\ShoppingCart\node_modules\.staging\node-2ffc1b08
178 silly gunzTarPerm modes [ '777', '666' ]
179 silly gunzTarPerm extractEntry package.json
180 silly gunzTarPerm modified mode [ 'package.json', 420, 438 ]
181 silly gunzTarPerm extractEntry package.json
182 silly gunzTarPerm modified mode [ 'package.json', 420, 438 ]
183 silly gunzTarPerm extractEntry index.js
184 silly gunzTarPerm modified mode [ 'index.js', 420, 438 ]
185 silly gunzTarPerm extractEntry README.md
186 silly gunzTarPerm modified mode [ 'README.md', 420, 438 ]
187 silly gunzTarPerm extractEntry installArchSpecificPackage.js
188 silly gunzTarPerm modified mode [ 'installArchSpecificPackage.js', 420, 438 ]
189 silly gentlyRm C:\Users\TheMachine\Desktop\shoppingCart\ShoppingCart\node_modules\.staging\node-bin-setup-50c2ca77\node_modules is being purged
190 verbose gentlyRm don't care about contents; nuking C:\Users\TheMachine\Desktop\shoppingCart\ShoppingCart\node_modules\.staging\node-bin-setup-50c2ca77\node_modules
191 silly gentlyRm C:\Users\TheMachine\Desktop\shoppingCart\ShoppingCart\node_modules\.staging\node-2ffc1b08\node_modules is being purged
192 verbose gentlyRm don't care about contents; nuking C:\Users\TheMachine\Desktop\shoppingCart\ShoppingCart\node_modules\.staging\node-2ffc1b08\node_modules
193 silly doParallel preinstall 2
194 silly preinstall node-bin-setup@1.0.6 C:\Users\TheMachine\Desktop\shoppingCart\ShoppingCart\node_modules\.staging\node-bin-setup-50c2ca77
195 info lifecycle node-bin-setup@1.0.6~preinstall: node-bin-setup@1.0.6
196 silly preinstall node@8.2.1 C:\Users\TheMachine\Desktop\shoppingCart\ShoppingCart\node_modules\.staging\node-2ffc1b08
197 info lifecycle node@8.2.1~preinstall: node@8.2.1
198 silly lifecycle node-bin-setup@1.0.6~preinstall: no script for preinstall, continuing
199 verbose lifecycle node@8.2.1~preinstall: unsafe-perm in lifecycle true
200 verbose lifecycle node@8.2.1~preinstall: PATH: C:\Program Files\nodejs\node_modules\npm\bin\node-gyp-bin;C:\Users\TheMachine\Desktop\shoppingCart\ShoppingCart\node_modules\.staging\node-2ffc1b08\node_modules\.bin;C:\Users\TheMachine\Desktop\shoppingCart\ShoppingCart\node_modules\.bin;C:\Program Files (x86)\Intel\iCLS Client\;C:\Program Files\Intel\iCLS Client\;C:\windows\system32;C:\windows;C:\windows\System32\Wbem;C:\windows\System32\WindowsPowerShell\v1.0\;C:\Program Files (x86)\Intel\Intel(R) Management Engine Components\DAL;C:\Program Files\Intel\Intel(R) Management Engine Components\DAL;C:\Program Files (x86)\Intel\Intel(R) Management Engine Components\IPT;C:\Program Files\Intel\Intel(R) Management Engine Components\IPT;C:\Program Files\nodejs\;C:\Program Files (x86)\Brackets\command;C:\Users\TheMachine\AppData\Local\Microsoft\WindowsApps;C:\Users\TheMachine\AppData\Roaming\npm;C:\Users\TheMachine\AppData\Local\atom\bin;C:\Program Files\Heroku\bin
201 verbose lifecycle node@8.2.1~preinstall: CWD: C:\Users\TheMachine\Desktop\shoppingCart\ShoppingCart\node_modules\.staging\node-2ffc1b08
202 silly lifecycle node@8.2.1~preinstall: Args: [ '/d /s /c', 'node installArchSpecificPackage' ]
203 silly lifecycle node@8.2.1~preinstall: Returned: code: 1  signal: null
204 info lifecycle node@8.2.1~preinstall: Failed to exec preinstall script
205 verbose unlock done using C:\Users\TheMachine\AppData\Roaming\npm-cache\_locks\staging-a6c56d3db52e6298.lock for C:\Users\TheMachine\Desktop\shoppingCart\ShoppingCart\node_modules\.staging
206 silly rollbackFailedOptional Starting
207 silly rollbackFailedOptional Finishing
208 silly runTopLevelLifecycles Finishing
209 silly install printInstalled
210 verbose stack Error: node@8.2.1 preinstall: `node installArchSpecificPackage`
210 verbose stack Exit status 1
210 verbose stack     at EventEmitter.<anonymous> (C:\Program Files\nodejs\node_modules\npm\lib\utils\lifecycle.js:255:16)
210 verbose stack     at emitTwo (events.js:106:13)
210 verbose stack     at EventEmitter.emit (events.js:191:7)
210 verbose stack     at ChildProcess.<anonymous> (C:\Program Files\nodejs\node_modules\npm\lib\utils\spawn.js:40:14)
210 verbose stack     at emitTwo (events.js:106:13)
210 verbose stack     at ChildProcess.emit (events.js:191:7)
210 verbose stack     at maybeClose (internal/child_process.js:886:16)
210 verbose stack     at Process.ChildProcess._handle.onexit (internal/child_process.js:226:5)
211 verbose pkgid node@8.2.1
212 verbose cwd C:\Users\TheMachine\Desktop\shoppingCart\ShoppingCart
213 error Windows_NT 10.0.14393
214 error argv "C:\\Program Files\\nodejs\\node.exe" "C:\\Program Files\\nodejs\\node_modules\\npm\\bin\\npm-cli.js" "i" "--save" "node"
215 error node v6.10.2
216 error npm  v3.10.10
217 error code ELIFECYCLE
218 error node@8.2.1 preinstall: `node installArchSpecificPackage`
218 error Exit status 1
219 error Failed at the node@8.2.1 preinstall script 'node installArchSpecificPackage'.
219 error Make sure you have the latest version of node.js and npm installed.
219 error If you do, this is most likely a problem with the node package,
219 error not with npm itself.
219 error Tell the author that this fails on your system:
219 error     node installArchSpecificPackage
219 error You can get information on how to open an issue for this project with:
219 error     npm bugs node
219 error Or if that isn't available, you can get their info via:
219 error     npm owner ls node
219 error There is likely additional logging output above.
220 verbose exit [ 1, true ]
